Determining if the pthread_create exist failed with the following output:
Change Dir: /home/jkim/code/donkeycar-ros/catkin_ws/build/CMakeFiles/CMakeTmp

Run Build Command:"/usr/bin/make" "cmTC_27672/fast"
/usr/bin/make -f CMakeFiles/cmTC_27672.dir/build.make CMakeFiles/cmTC_27672.dir/build
make[1]: Entering directory '/home/jkim/code/donkeycar-ros/catkin_ws/build/CMakeFiles/CMakeTmp'
Building C object CMakeFiles/cmTC_27672.dir/CheckSymbolExists.c.o
/usr/bin/cc    -o CMakeFiles/cmTC_27672.dir/CheckSymbolExists.c.o   -c /home/jkim/code/donkeycar-ros/catkin_ws/build/CMakeFiles/CMakeTmp/CheckSymbolExists.c
Linking C executable cmTC_27672
/usr/bin/cmake -E cmake_link_script CMakeFiles/cmTC_27672.dir/link.txt --verbose=1
/usr/bin/cc      -rdynamic CMakeFiles/cmTC_27672.dir/CheckSymbolExists.c.o  -o cmTC_27672 
CMakeFiles/cmTC_27672.dir/CheckSymbolExists.c.o: In function `main':
CheckSymbolExists.c:(.text+0x14): undefined reference to `pthread_create'
CheckSymbolExists.c:(.text+0x18): undefined reference to `pthread_create'
collect2: error: ld returned 1 exit status
CMakeFiles/cmTC_27672.dir/build.make:97: recipe for target 'cmTC_27672' failed
make[1]: *** [cmTC_27672] Error 1
make[1]: Leaving directory '/home/jkim/code/donkeycar-ros/catkin_ws/build/CMakeFiles/CMakeTmp'
Makefile:126: recipe for target 'cmTC_27672/fast' failed
make: *** [cmTC_27672/fast] Error 2

File /home/jkim/code/donkeycar-ros/catkin_ws/build/CMakeFiles/CMakeTmp/CheckSymbolExists.c:
/* */
#include <pthread.h>

int main(int argc, char** argv)
{
  (void)argv;
#ifndef pthread_create
  return ((int*)(&pthread_create))[argc];
#else
  (void)argc;
  return 0;
#endif
}

Determining if the function pthread_create exists in the pthreads failed with the following output:
Change Dir: /home/jkim/code/donkeycar-ros/catkin_ws/build/CMakeFiles/CMakeTmp

Run Build Command:"/usr/bin/make" "cmTC_33984/fast"
/usr/bin/make -f CMakeFiles/cmTC_33984.dir/build.make CMakeFiles/cmTC_33984.dir/build
make[1]: Entering directory '/home/jkim/code/donkeycar-ros/catkin_ws/build/CMakeFiles/CMakeTmp'
Building C object CMakeFiles/cmTC_33984.dir/CheckFunctionExists.c.o
/usr/bin/cc   -DCHECK_FUNCTION_EXISTS=pthread_create   -o CMakeFiles/cmTC_33984.dir/CheckFunctionExists.c.o   -c /usr/share/cmake-3.10/Modules/CheckFunctionExists.c
Linking C executable cmTC_33984
/usr/bin/cmake -E cmake_link_script CMakeFiles/cmTC_33984.dir/link.txt --verbose=1
/usr/bin/cc  -DCHECK_FUNCTION_EXISTS=pthread_create    -rdynamic CMakeFiles/cmTC_33984.dir/CheckFunctionExists.c.o  -o cmTC_33984 -lpthreads 
/usr/bin/ld: cannot find -lpthreads
collect2: error: ld returned 1 exit status
CMakeFiles/cmTC_33984.dir/build.make:97: recipe for target 'cmTC_33984' failed
make[1]: *** [cmTC_33984] Error 1
make[1]: Leaving directory '/home/jkim/code/donkeycar-ros/catkin_ws/build/CMakeFiles/CMakeTmp'
Makefile:126: recipe for target 'cmTC_33984/fast' failed
make: *** [cmTC_33984/fast] Error 2


